<?xml version="1.0" encoding="UTF-8"?>
<!-- Generated by org.testng.reporters.JUnitReportReporter -->
<testsuite hostname="DESKTOP-9FJK98O" failures="0" tests="1" name="jan22.Demo" time="3.526" errors="0" timestamp="2024-01-23T12:04:31 IST" skipped="0">
  <testcase classname="jan22.Demo" name="starttest" time="3.526"/>
  <system-out/>
</testsuite> <!-- jan22.Demo -->
