<?xml version="1.0" encoding="UTF-8"?>
<!-- Generated by org.testng.reporters.JUnitReportReporter -->
<testsuite hostname="DESKTOP-9FJK98O" failures="0" tests="10" name="jan22.Using_Dataprovider" time="13.492" errors="0" timestamp="2024-01-25T13:22:05 IST" skipped="0">
  <testcase classname="jan22.Using_Dataprovider" name="verify_login" time="0.651"/>
  <system-out/>
  <testcase classname="jan22.Using_Dataprovider" name="verify_login" time="2.224"/>
  <system-out/>
  <testcase classname="jan22.Using_Dataprovider" name="verify_login" time="1.053"/>
  <system-out/>
  <testcase classname="jan22.Using_Dataprovider" name="verify_login" time="1.290"/>
  <system-out/>
  <testcase classname="jan22.Using_Dataprovider" name="verify_login" time="1.082"/>
  <system-out/>
  <testcase classname="jan22.Using_Dataprovider" name="verify_login" time="2.700"/>
  <system-out/>
  <testcase classname="jan22.Using_Dataprovider" name="verify_login" time="1.205"/>
  <system-out/>
  <testcase classname="jan22.Using_Dataprovider" name="verify_login" time="1.123"/>
  <system-out/>
  <testcase classname="jan22.Using_Dataprovider" name="verify_login" time="0.936"/>
  <system-out/>
  <testcase classname="jan22.Using_Dataprovider" name="verify_login" time="1.228"/>
  <system-out/>
</testsuite> <!-- jan22.Using_Dataprovider -->
