<?xml version="1.0" encoding="UTF-8"?>
<!-- Generated by org.testng.reporters.JUnitReportReporter -->
<testsuite hostname="DESKTOP-9FJK98O" failures="0" tests="3" name="pack.Pratice2" time="1.300" errors="0" timestamp="2024-01-12T08:16:23 IST" skipped="0">
  <testcase classname="pack.Pratice2" name="pbanking" time="0.630"/>
  <system-out>
    <![CDATA[ranning pbanking test]]>
  </system-out>
  <testcase classname="pack.Pratice2" name="cankikg" time="0.340"/>
  <system-out>
    <![CDATA[ranning pbanking test]]>
  </system-out>
  <testcase classname="pack.Pratice2" name="ibaning" time="0.330"/>
  <system-out>
    <![CDATA[ranning pbanking test]]>
  </system-out>
</testsuite> <!-- pack.Pratice2 -->
